<?xml version="1.0" encoding="UTF-8"?>
<!-- Generated by org.testng.reporters.JUnitReportReporter -->
<testsuite skipped="0" hostname="8H3CKZPOTURK1ZH" name="com.test.api2.RegisterPost" tests="1" failures="0" timestamp="14 五月 2019 06:00:51 GMT" time="0.016" errors="0">
  <testcase name="testPostRequest" time="0.016" classname="com.test.api2.RegisterPost"/>
</testsuite> <!-- com.test.api2.RegisterPost -->
