<?xml version="1.0" encoding="UTF-8"?>
<!-- Generated by org.testng.reporters.JUnitReportReporter -->
<testsuite skipped="0" hostname="8H3CKZPOTURK1ZH" name="com.test.api2.testPost2" tests="1" failures="0" timestamp="26 四月 2019 08:46:28 GMT" time="0.000" errors="0">
  <testcase name="testPostRequest" time="0.000" classname="com.test.api2.testPost2"/>
</testsuite> <!-- com.test.api2.testPost2 -->
