<?xml version="1.0" encoding="UTF-8"?>
<!-- Generated by org.testng.reporters.JUnitReportReporter -->
<testsuite skipped="0" hostname="8H3CKZPOTURK1ZH" name="com.test.api2.RegisterPost" tests="1" failures="0" timestamp="29 四月 2019 03:41:06 GMT" time="0.006" errors="0">
  <testcase name="testPostRequest" time="0.006" classname="com.test.api2.RegisterPost"/>
</testsuite> <!-- com.test.api2.RegisterPost -->
